<?xml version="1.0" encoding="UTF-8"?>
<!-- Generated by org.testng.reporters.JUnitXMLReporter -->
<testsuite ignored="0" hostname="Apoorvas-MacBook-Pro.local" failures="0" tests="2" name="Default test" time="26.105" errors="0" timestamp="2022-03-05T14:59:10 IST">
  <testcase classname="BlazeStoreValidations.BlazeStoreValidations" name="AddressValidation" time="1.112"/>
  <testcase classname="BlazeStoreValidations.BlazeStoreValidations" name="pincodeValidation" time="1.014"/>
</testsuite> <!-- Default test -->
