<?xml version="1.0" encoding="UTF-8"?>
<testng-results ignored="0" total="2" passed="2" failed="0" skipped="0">
  <reporter-output>
  </reporter-output>
  <suite started-at="2022-03-05T14:58:44 IST" name="Default suite" finished-at="2022-03-05T14:59:10 IST" duration-ms="26105">
    <groups>
    </groups>
    <test started-at="2022-03-05T14:58:44 IST" name="Default test" finished-at="2022-03-05T14:59:10 IST" duration-ms="26105">
      <class name="BlazeStoreValidations.BlazeStoreValidations">
        <test-method is-config="true" signature="Setup()[pri:0, instance:BlazeStoreValidations.BlazeStoreValidations@3eb7fc54]" started-at="2022-03-05T14:58:44 IST" name="Setup" finished-at="2022-03-05T14:58:57 IST" duration-ms="12415" status="PASS">
          <reporter-output>
          </reporter-output>
        </test-method> <!-- Setup -->
        <test-method signature="AddressValidation()[pri:0, instance:BlazeStoreValidations.BlazeStoreValidations@3eb7fc54]" started-at="2022-03-05T14:58:57 IST" name="AddressValidation" finished-at="2022-03-05T14:58:58 IST" duration-ms="1112" status="PASS">
          <reporter-output>
          </reporter-output>
        </test-method> <!-- AddressValidation -->
        <test-method is-config="true" signature="close()[pri:0, instance:BlazeStoreValidations.BlazeStoreValidations@3eb7fc54]" started-at="2022-03-05T14:58:58 IST" name="close" finished-at="2022-03-05T14:58:58 IST" duration-ms="135" status="PASS">
          <reporter-output>
          </reporter-output>
        </test-method> <!-- close -->
        <test-method is-config="true" signature="Setup()[pri:0, instance:BlazeStoreValidations.BlazeStoreValidations@3eb7fc54]" started-at="2022-03-05T14:58:58 IST" name="Setup" finished-at="2022-03-05T14:59:09 IST" duration-ms="11277" status="PASS">
          <reporter-output>
          </reporter-output>
        </test-method> <!-- Setup -->
        <test-method signature="pincodeValidation()[pri:0, instance:BlazeStoreValidations.BlazeStoreValidations@3eb7fc54]" started-at="2022-03-05T14:59:09 IST" name="pincodeValidation" finished-at="2022-03-05T14:59:10 IST" duration-ms="1014" status="PASS">
          <reporter-output>
          </reporter-output>
        </test-method> <!-- pincodeValidation -->
        <test-method is-config="true" signature="close()[pri:0, instance:BlazeStoreValidations.BlazeStoreValidations@3eb7fc54]" started-at="2022-03-05T14:59:10 IST" name="close" finished-at="2022-03-05T14:59:10 IST" duration-ms="119" status="PASS">
          <reporter-output>
          </reporter-output>
        </test-method> <!-- close -->
      </class> <!-- BlazeStoreValidations.BlazeStoreValidations -->
    </test> <!-- Default test -->
  </suite> <!-- Default suite -->
</testng-results>
